The system is: Windows - 10.0.18362 - AMD64
Compiling the CXX compiler identification source file "CMakeCXXCompilerId.cpp" succeeded.
Compiler: G:/visual_studio/VC/Tools/MSVC/14.25.28610/bin/HostX64/x64/cl.exe 
Build flags: 
Id flags:  

The output was:
0
Microsoft (R) C/C++ Optimizing Compiler Version 19.25.28614 for x64
Copyright (C) Microsoft Corporation.  All rights reserved.

CMakeCXXCompilerId.cpp
Microsoft (R) Incremental Linker Version 14.25.28614.0
Copyright (C) Microsoft Corporation.  All rights reserved.

/out:CMakeCXXCompilerId.exe 
CMakeCXXCompilerId.obj 


Compilation of the CXX compiler identification source "CMakeCXXCompilerId.cpp" produced "CMakeCXXCompilerId.exe"

Compilation of the CXX compiler identification source "CMakeCXXCompilerId.cpp" produced "CMakeCXXCompilerId.obj"

The CXX compiler identification is MSVC, found in "C:/Users/Lee/Exercism/cpp/hello-world/out/build/x64-Debug/CMakeFiles/3.16.19112601-MSVC_2/CompilerIdCXX/CMakeCXXCompilerId.exe"

Determining if the CXX compiler works passed with the following output:
Change Dir: C:/Users/Lee/Exercism/cpp/hello-world/out/build/x64-Debug/CMakeFiles/CMakeTmp

Run Build Command(s):G:\VISUAL_STUDIO\COMMON7\IDE\COMMONEXTENSIONS\MICROSOFT\CMAKE\Ninja\ninja.exe cmTC_51fa4 && [1/2] Building CXX object CMakeFiles\cmTC_51fa4.dir\testCXXCompiler.cxx.obj
[2/2] Linking CXX executable cmTC_51fa4.exe



Detecting CXX compiler ABI info compiled with the following output:
Change Dir: C:/Users/Lee/Exercism/cpp/hello-world/out/build/x64-Debug/CMakeFiles/CMakeTmp

Run Build Command(s):G:\VISUAL_STUDIO\COMMON7\IDE\COMMONEXTENSIONS\MICROSOFT\CMAKE\Ninja\ninja.exe cmTC_b28aa && [1/2] Building CXX object CMakeFiles\cmTC_b28aa.dir\CMakeCXXCompilerABI.cpp.obj
[2/2] Linking CXX executable cmTC_b28aa.exe



